info: Starting executing test
info: Browser Launch succesfully
info: Ending executing test
info: Starting executing test
info: The title of Home Page is  : Protractor - end-to-end testing for AngularJS
info: Ending executing test
info: Starting executing test
info: Succesfully navigated to Tutorial Page
info: Ending executing test
info: The title of Tutorial Page is : Protractor - end-to-end testing for AngularJS
info: Starting executing test
info: Browser Launch succesfully
info: The title of Home Page is  : Protractor - end-to-end testing for AngularJS
info: Ending executing test
info: Starting executing test
info: Browser Launch succesfully
info: Succesfully navigated to Tutorial Page
info: Ending executing test
info: Starting executing test
info: Browser Launch succesfully
info: Ending executing test
info: Starting executing test
info: The title of Home Page is  : Protractor - end-to-end testing for AngularJS
info: Ending executing test
info: Starting executing test
info: Succesfully navigated to Tutorial Page
info: Ending executing test
info: The title of Tutorial Page is : Protractor - end-to-end testing for AngularJS
info: The title of Tutorial Page is : Protractor - end-to-end testing for AngularJS
info: Starting executing test
info: Browser Launch succesfully
info: The title of Home Page is  : Protractor - end-to-end testing for AngularJS
info: Ending executing test
info: Starting executing test
info: Browser Launch succesfully
info: Succesfully navigated to Tutorial Page
info: Ending executing test
info: Starting executing test
info: Browser Launch succesfully
info: Ending executing test
info: Starting executing test
info: The title of Home Page is  : Protractor - end-to-end testing for AngularJS
info: Ending executing test
info: Starting executing test
info: Succesfully navigated to Tutorial Page
info: Ending executing test
info: The title of Tutorial Page is : Protractor - end-to-end testing for AngularJS
info: The title of Tutorial Page is : Protractor - end-to-end testing for AngularJS
info: Starting executing test
info: Browser Launch succesfully
info: The title of Home Page is  : Protractor - end-to-end testing for AngularJS
info: Ending executing test
info: Starting executing test
info: Browser Launch succesfully
info: Succesfully navigated to Tutorial Page
info: Ending executing test
info: The title of Tutorial Page is : Protractor - end-to-end testing for AngularJS
info: Starting executing test
info: Browser Launch succesfully
info: The title of Home Page is  : Protractor - end-to-end testing for AngularJS
info: Ending executing test
info: Starting executing test
info: Browser Launch succesfully
info: Succesfully navigated to Tutorial Page
info: Ending executing test
info: The title of Tutorial Page is : Protractor - end-to-end testing for AngularJS
info: Starting executing test
info: Browser Launch succesfully
info: The title of Home Page is  : Protractor - end-to-end testing for AngularJS
info: Ending executing test
info: Starting executing test
info: Browser Launch succesfully
info: Succesfully navigated to Tutorial Page
info: Ending executing test
info: The title of Tutorial Page is : Protractor - end-to-end testing for AngularJS
info: Starting executing test
info: Browser Launch succesfully
info: The title of Home Page is  : Protractor - end-to-end testing for AngularJS
info: Ending executing test
info: Starting executing test
info: Browser Launch succesfully
info: Succesfully navigated to Tutorial Page
info: Ending executing test
info: The title of Tutorial Page is : Protractor - end-to-end testing for AngularJS
info: Starting executing test
info: Browser Launch succesfully
info: The title of Home Page is  : Protractor - end-to-end testing for AngularJS
info: Ending executing test
info: Starting executing test
info: Browser Launch succesfully
info: Succesfully navigated to Tutorial Page
info: Ending executing test
info: The title of Tutorial Page is : Protractor - end-to-end testing for AngularJS
info: Starting executing test
info: Browser Launch succesfully
info: The title of Home Page is  : Protractor - end-to-end testing for AngularJS
info: Ending executing test
info: Starting executing test
info: Browser Launch succesfully
info: Succesfully navigated to Tutorial Page
info: Ending executing test
info: The title of Tutorial Page is : Protractor - end-to-end testing for AngularJS
info: Starting executing test
info: Browser Launch succesfully
info: The title of Home Page is  : Protractor - end-to-end testing for AngularJS
info: Ending executing test
info: Starting executing test
info: Browser Launch succesfully
info: Succesfully navigated to Tutorial Page
info: Ending executing test
info: The title of Tutorial Page is : Protractor - end-to-end testing for AngularJS
info: Starting executing test
info: Browser Launch succesfully
info: The title of Home Page is  : Protractor - end-to-end testing for AngularJS
info: Ending executing test
info: Starting executing test
info: Browser Launch succesfully
info: Succesfully navigated to Tutorial Page
info: Ending executing test
info: The title of Tutorial Page is : Protractor - end-to-end testing for AngularJS
info: Starting executing test
info: Browser Launch succesfully
info: The title of Home Page is  : Protractor - end-to-end testing for AngularJS
info: Ending executing test
info: Starting executing test
info: Browser Launch succesfully
info: Succesfully navigated to Tutorial Page
info: Ending executing test
info: The title of Tutorial Page is : Protractor - end-to-end testing for AngularJS
info: Starting executing test
info: Browser Launch succesfully
info: The title of Home Page is  : Protractor - end-to-end testing for AngularJS
info: Ending executing test
info: Starting executing test
info: Browser Launch succesfully
info: Succesfully navigated to Tutorial Page
info: Ending executing test
info: The title of Tutorial Page is : Protractor - end-to-end testing for AngularJS
info: Starting executing test
info: Browser Launch succesfully
info: The title of Home Page is  : Protractor - end-to-end testing for AngularJS
info: Ending executing test
info: Starting executing test
info: Browser Launch succesfully
info: Succesfully navigated to Tutorial Page
info: Ending executing test
info: The title of Tutorial Page is : Protractor - end-to-end testing for AngularJS
